   1               		.file	"PipeStream_AVR8.c"
   2               	__SP_H__ = 0x3e
   3               	__SP_L__ = 0x3d
   4               	__SREG__ = 0x3f
   5               	__tmp_reg__ = 0
   6               	__zero_reg__ = 1
   7               		.text
   8               	.Ltext0:
   9               		.cfi_sections	.debug_frame
  10               	.Letext0:
DEFINED SYMBOLS
                            *ABS*:0000000000000000 PipeStream_AVR8.c
/var/folders/xk/fjkh8m297bb3lq7fwx2mh0vh0000gq/T//ccTWRJcR.s:2      *ABS*:000000000000003e __SP_H__
/var/folders/xk/fjkh8m297bb3lq7fwx2mh0vh0000gq/T//ccTWRJcR.s:3      *ABS*:000000000000003d __SP_L__
/var/folders/xk/fjkh8m297bb3lq7fwx2mh0vh0000gq/T//ccTWRJcR.s:4      *ABS*:000000000000003f __SREG__
/var/folders/xk/fjkh8m297bb3lq7fwx2mh0vh0000gq/T//ccTWRJcR.s:5      *ABS*:0000000000000000 __tmp_reg__
/var/folders/xk/fjkh8m297bb3lq7fwx2mh0vh0000gq/T//ccTWRJcR.s:6      *ABS*:0000000000000001 __zero_reg__
/var/folders/xk/fjkh8m297bb3lq7fwx2mh0vh0000gq/T//ccTWRJcR.s:57     .debug_abbrev:0000000000000000 .Ldebug_abbrev0
/var/folders/xk/fjkh8m297bb3lq7fwx2mh0vh0000gq/T//ccTWRJcR.s:107    .debug_line:0000000000000000 .Ldebug_line0
/var/folders/xk/fjkh8m297bb3lq7fwx2mh0vh0000gq/T//ccTWRJcR.s:12     .debug_info:0000000000000000 .Ldebug_info0

NO UNDEFINED SYMBOLS
